<?xml version="1.0" encoding="UTF-8"?>
<testsuite name="oop.project.cli.ScenariosTests$Date" tests="2" skipped="0" failures="0" errors="0" timestamp="2024-04-23T01:43:33" hostname="DESKTOP-VR896RF" time="0.033">
  <properties/>
  <testcase name="[1] Date, (date[2024-01-01]), oop.project.cli.ParsedCommand@9a35912a" classname="oop.project.cli.ScenariosTests$Date" time="0.023"/>
  <testcase name="[2] Invalid, date 20240401, null" classname="oop.project.cli.ScenariosTests$Date" time="0.008"/>
  <system-out><![CDATA[]]></system-out>
  <system-err><![CDATA[]]></system-err>
</testsuite>
